<?xml version="1.0" encoding="UTF-8"?>
<!-- Generated by org.testng.reporters.JUnitReportReporter -->
<testsuite hostname="LAPTOP-F1SH0AT3" failures="0" tests="1" name="com.crm.vtiger.LaunchEdgeTest" time="23.604" errors="0" timestamp="2022-03-28T16:59:30 IST" skipped="0">
  <testcase classname="com.crm.vtiger.LaunchEdgeTest" name="launch" time="23.604"/>
  <system-out/>
</testsuite> <!-- com.crm.vtiger.LaunchEdgeTest -->
