<?xml version="1.0" encoding="UTF-8"?>
<!-- Generated by org.testng.reporters.JUnitReportReporter -->
<testsuite hostname="LAPTOP-F1SH0AT3" failures="0" tests="1" name="com.crm.vtiger.LoginTest" time="9.919" errors="0" timestamp="2022-03-23T13:23:55 IST" skipped="0">
  <testcase classname="com.crm.vtiger.LoginTest" name="login" time="9.919"/>
  <system-out/>
</testsuite> <!-- com.crm.vtiger.LoginTest -->
